<?xml version="1.0" encoding="UTF-8"?>
<!-- Generated by org.testng.reporters.JUnitReportReporter -->
<testsuite skipped="0" hostname="Abhisheks-MacBook-Pro.local" name="com.ebay.qa.testset.ProductPageTest" tests="2" failures="0" timestamp="31 Jul 2018 10:18:13 GMT" time="75.400" errors="0">
  <testcase name="DisplayProduct1" time="41.455" classname="com.ebay.qa.testset.ProductPageTest"/>
  <testcase name="DisplayProduct2" time="33.945" classname="com.ebay.qa.testset.ProductPageTest"/>
</testsuite> <!-- com.ebay.qa.testset.ProductPageTest -->
