<?xml version="1.0" encoding="UTF-8"?>
<!-- Generated by org.testng.reporters.JUnitReportReporter -->
<testsuite skipped="0" hostname="Abhisheks-MacBook-Pro.local" name="com.ebay.qa.testset.HomePageTest" tests="12" failures="0" timestamp="31 Jul 2018 10:18:13 GMT" time="224.535" errors="0">
  <testcase name="ValidateUsernameDisplayTest" time="20.933" classname="com.ebay.qa.testset.HomePageTest"/>
  <testcase name="ValidateSavedLinkTextTest" time="13.067" classname="com.ebay.qa.testset.HomePageTest"/>
  <testcase name="ValidateFashionLinkTextTest" time="32.545" classname="com.ebay.qa.testset.HomePageTest"/>
  <testcase name="ValidateMotorsLinkTextTest" time="27.747" classname="com.ebay.qa.testset.HomePageTest"/>
  <testcase name="ValidateHomeGardenLinkTextTest" time="14.402" classname="com.ebay.qa.testset.HomePageTest"/>
  <testcase name="ValidateElectronicsLinkTextTest" time="13.748" classname="com.ebay.qa.testset.HomePageTest"/>
  <testcase name="ValidateSportsLinkTextTest" time="13.448" classname="com.ebay.qa.testset.HomePageTest"/>
  <testcase name="ValidateLiquorGroceryLinkTextTest" time="22.270" classname="com.ebay.qa.testset.HomePageTest"/>
  <testcase name="ValidateHealthBeautyLinkTextTest" time="15.053" classname="com.ebay.qa.testset.HomePageTest"/>
  <testcase name="ValidateToysMediaLinkTextTest" time="17.946" classname="com.ebay.qa.testset.HomePageTest"/>
  <testcase name="ValidateCollectablesLinkTextTest" time="16.066" classname="com.ebay.qa.testset.HomePageTest"/>
  <testcase name="ValidateDealsLinkTextTest" time="17.310" classname="com.ebay.qa.testset.HomePageTest"/>
</testsuite> <!-- com.ebay.qa.testset.HomePageTest -->
