<?xml version="1.0" encoding="UTF-8"?>
<!-- Generated by org.testng.reporters.JUnitReportReporter -->
<testsuite skipped="0" hostname="Abhisheks-MacBook-Pro.local" name="com.ebay.qa.testset.ChildInherit" tests="2" failures="0" timestamp="29 Jul 2018 07:42:11 GMT" time="0.014" errors="0">
  <testcase name="MethodOne" time="0.012" classname="com.ebay.qa.testset.ChildInherit"/>
  <testcase name="MethodTwo" time="0.002" classname="com.ebay.qa.testset.ChildInherit"/>
</testsuite> <!-- com.ebay.qa.testset.ChildInherit -->
