<?xml version="1.0" encoding="UTF-8"?>
<!-- Generated by org.testng.reporters.JUnitReportReporter -->
<testsuite skipped="0" hostname="Abhisheks-MacBook-Pro.local" name="com.ebay.qa.testset.LoginPageTest" tests="2" failures="0" timestamp="31 Jul 2018 09:33:09 GMT" time="39.572" errors="0">
  <testcase name="LoginPageTitleTest" time="8.457" classname="com.ebay.qa.testset.LoginPageTest"/>
  <testcase name="HomePageDisplayTest" time="31.115" classname="com.ebay.qa.testset.LoginPageTest"/>
</testsuite> <!-- com.ebay.qa.testset.LoginPageTest -->
